c:\users\ejddj\documents\visual studio 2015\projects\practice\engine\default\debug\vc140.pdb
c:\users\ejddj\documents\visual studio 2015\projects\practice\engine\default\debug\vc140.idb
c:\users\ejddj\documents\visual studio 2015\projects\practice\engine\default\debug\layer.obj
c:\users\ejddj\documents\visual studio 2015\projects\practice\engine\default\debug\light.obj
c:\users\ejddj\documents\visual studio 2015\projects\practice\engine\default\debug\light_manager.obj
c:\users\ejddj\documents\visual studio 2015\projects\practice\engine\default\debug\management.obj
c:\users\ejddj\documents\visual studio 2015\projects\practice\engine\default\debug\mesh_dynamic.obj
c:\users\ejddj\documents\visual studio 2015\projects\practice\engine\default\debug\mesh_static.obj
c:\users\ejddj\documents\visual studio 2015\projects\practice\engine\default\debug\navigation.obj
c:\users\ejddj\documents\visual studio 2015\projects\practice\engine\default\debug\object_manager.obj
c:\users\ejddj\documents\visual studio 2015\projects\practice\engine\default\debug\picking.obj
c:\users\ejddj\documents\visual studio 2015\projects\practice\engine\default\debug\pipeline.obj
c:\users\ejddj\documents\visual studio 2015\projects\practice\engine\default\debug\renderer.obj
c:\users\ejddj\documents\visual studio 2015\projects\practice\engine\default\debug\scene.obj
c:\users\ejddj\documents\visual studio 2015\projects\practice\engine\default\debug\shader.obj
c:\users\ejddj\documents\visual studio 2015\projects\practice\engine\default\debug\texture.obj
c:\users\ejddj\documents\visual studio 2015\projects\practice\engine\default\debug\timer.obj
c:\users\ejddj\documents\visual studio 2015\projects\practice\engine\default\debug\timer_manager.obj
c:\users\ejddj\documents\visual studio 2015\projects\practice\engine\default\debug\transform.obj
c:\users\ejddj\documents\visual studio 2015\projects\practice\engine\default\debug\vibuffer.obj
c:\users\ejddj\documents\visual studio 2015\projects\practice\engine\default\debug\vibuffer_rect.obj
c:\users\ejddj\documents\visual studio 2015\projects\practice\engine\default\debug\vibuffer_terrain.obj
c:\users\ejddj\documents\visual studio 2015\projects\practice\engine\default\debug\animationcontrol.obj
c:\users\ejddj\documents\visual studio 2015\projects\practice\engine\default\debug\base.obj
c:\users\ejddj\documents\visual studio 2015\projects\practice\engine\default\debug\camera.obj
c:\users\ejddj\documents\visual studio 2015\projects\practice\engine\default\debug\cell.obj
c:\users\ejddj\documents\visual studio 2015\projects\practice\engine\default\debug\collider.obj
c:\users\ejddj\documents\visual studio 2015\projects\practice\engine\default\debug\component.obj
c:\users\ejddj\documents\visual studio 2015\projects\practice\engine\default\debug\component_manager.obj
c:\users\ejddj\documents\visual studio 2015\projects\practice\engine\default\debug\frustum.obj
c:\users\ejddj\documents\visual studio 2015\projects\practice\engine\default\debug\key.obj
c:\users\ejddj\documents\visual studio 2015\projects\practice\engine\default\debug\vibuffer_cube.obj
c:\users\ejddj\documents\visual studio 2015\projects\practice\engine\default\debug\gameobject.obj
c:\users\ejddj\documents\visual studio 2015\projects\practice\engine\default\debug\device.obj
c:\users\ejddj\documents\visual studio 2015\projects\practice\engine\default\debug\hierarchyloader.obj
c:\users\ejddj\documents\visual studio 2015\projects\practice\engine\default\debug\input.obj
c:\users\ejddj\documents\visual studio 2015\projects\practice\engine\default\debug\target.obj
c:\users\ejddj\documents\visual studio 2015\projects\practice\engine\default\debug\target_manager.obj
c:\users\ejddj\documents\visual studio 2015\projects\practice\engine\default\debug\vibuffer_viewportrect.obj
c:\users\ejddj\documents\visual studio 2015\projects\practice\engine\default\debug\quadtree.obj
c:\users\ejddj\documents\visual studio 2015\projects\practice\engine\bin\shader_collider.cso
c:\users\ejddj\documents\visual studio 2015\projects\practice\engine\bin\engine.lib
c:\users\ejddj\documents\visual studio 2015\projects\practice\engine\bin\engine.exp
c:\users\ejddj\documents\visual studio 2015\projects\practice\engine\bin\shader_blend.cso
c:\users\ejddj\documents\visual studio 2015\projects\practice\engine\bin\shader_lightacc.cso
c:\users\ejddj\documents\visual studio 2015\projects\practice\engine\bin\engine.ilk
c:\users\ejddj\documents\visual studio 2015\projects\practice\engine\bin\engine.dll
c:\users\ejddj\documents\visual studio 2015\projects\practice\engine\bin\engine.pdb
c:\users\ejddj\documents\visual studio 2015\projects\practice\engine\default\debug\engine.res
c:\users\ejddj\documents\visual studio 2015\projects\practice\engine\default\debug\renderer.obj.enc
c:\users\ejddj\documents\visual studio 2015\projects\practice\engine\default\..\bin\engine.dll
c:\users\ejddj\documents\visual studio 2015\projects\practice\engine\default\debug\engine.tlog\cl.command.1.tlog
c:\users\ejddj\documents\visual studio 2015\projects\practice\engine\default\debug\engine.tlog\cl.read.1.tlog
c:\users\ejddj\documents\visual studio 2015\projects\practice\engine\default\debug\engine.tlog\cl.write.1.tlog
c:\users\ejddj\documents\visual studio 2015\projects\practice\engine\default\debug\engine.tlog\engine.write.1u.tlog
c:\users\ejddj\documents\visual studio 2015\projects\practice\engine\default\debug\engine.tlog\fxc.command.1.tlog
c:\users\ejddj\documents\visual studio 2015\projects\practice\engine\default\debug\engine.tlog\fxc.read.1.tlog
c:\users\ejddj\documents\visual studio 2015\projects\practice\engine\default\debug\engine.tlog\fxc.write.1.tlog
c:\users\ejddj\documents\visual studio 2015\projects\practice\engine\default\debug\engine.tlog\link.command.1.tlog
c:\users\ejddj\documents\visual studio 2015\projects\practice\engine\default\debug\engine.tlog\link.read.1.tlog
c:\users\ejddj\documents\visual studio 2015\projects\practice\engine\default\debug\engine.tlog\link.write.1.tlog
c:\users\ejddj\documents\visual studio 2015\projects\practice\engine\default\debug\engine.tlog\rc.command.1.tlog
c:\users\ejddj\documents\visual studio 2015\projects\practice\engine\default\debug\engine.tlog\rc.read.1.tlog
c:\users\ejddj\documents\visual studio 2015\projects\practice\engine\default\debug\engine.tlog\rc.write.1.tlog
