c:\users\ejddj\documents\visual studio 2015\projects\practice\tool\debug\tool.pch
c:\users\ejddj\documents\visual studio 2015\projects\practice\tool\debug\vc140.pdb
c:\users\ejddj\documents\visual studio 2015\projects\practice\tool\debug\vc140.idb
c:\users\ejddj\documents\visual studio 2015\projects\practice\tool\debug\stdafx.obj
c:\users\ejddj\documents\visual studio 2015\projects\practice\tool\debug\camera_tool.obj
c:\users\ejddj\documents\visual studio 2015\projects\practice\tool\debug\mainfrm.obj
c:\users\ejddj\documents\visual studio 2015\projects\practice\tool\debug\map_object.obj
c:\users\ejddj\documents\visual studio 2015\projects\practice\tool\debug\map_terrain.obj
c:\users\ejddj\documents\visual studio 2015\projects\practice\tool\debug\mesh_animation.obj
c:\users\ejddj\documents\visual studio 2015\projects\practice\tool\debug\object_tool.obj
c:\users\ejddj\documents\visual studio 2015\projects\practice\tool\debug\optionview.obj
c:\users\ejddj\documents\visual studio 2015\projects\practice\tool\debug\scene_tool.obj
c:\users\ejddj\documents\visual studio 2015\projects\practice\tool\debug\terrain.obj
c:\users\ejddj\documents\visual studio 2015\projects\practice\tool\debug\tool.obj
c:\users\ejddj\documents\visual studio 2015\projects\practice\tool\debug\tooldoc.obj
c:\users\ejddj\documents\visual studio 2015\projects\practice\tool\debug\toolview.obj
c:\users\ejddj\documents\visual studio 2015\projects\practice\debug\shader_default.cso
c:\users\ejddj\documents\visual studio 2015\projects\practice\debug\shader_mesh.cso
c:\users\ejddj\documents\visual studio 2015\projects\practice\debug\shader_terrain.cso
c:\users\ejddj\documents\visual studio 2015\projects\practice\debug\tool.ilk
c:\users\ejddj\documents\visual studio 2015\projects\practice\debug\tool.exe
c:\users\ejddj\documents\visual studio 2015\projects\practice\debug\tool.pdb
c:\users\ejddj\documents\visual studio 2015\projects\practice\tool\debug\tool.res
c:\users\ejddj\documents\visual studio 2015\projects\practice\tool\debug\tool.tlog\cl.command.1.tlog
c:\users\ejddj\documents\visual studio 2015\projects\practice\tool\debug\tool.tlog\cl.read.1.tlog
c:\users\ejddj\documents\visual studio 2015\projects\practice\tool\debug\tool.tlog\cl.write.1.tlog
c:\users\ejddj\documents\visual studio 2015\projects\practice\tool\debug\tool.tlog\fxc.command.1.tlog
c:\users\ejddj\documents\visual studio 2015\projects\practice\tool\debug\tool.tlog\fxc.read.1.tlog
c:\users\ejddj\documents\visual studio 2015\projects\practice\tool\debug\tool.tlog\fxc.write.1.tlog
c:\users\ejddj\documents\visual studio 2015\projects\practice\tool\debug\tool.tlog\link.command.1.tlog
c:\users\ejddj\documents\visual studio 2015\projects\practice\tool\debug\tool.tlog\link.read.1.tlog
c:\users\ejddj\documents\visual studio 2015\projects\practice\tool\debug\tool.tlog\link.write.1.tlog
c:\users\ejddj\documents\visual studio 2015\projects\practice\tool\debug\tool.tlog\rc.command.1.tlog
c:\users\ejddj\documents\visual studio 2015\projects\practice\tool\debug\tool.tlog\rc.read.1.tlog
c:\users\ejddj\documents\visual studio 2015\projects\practice\tool\debug\tool.tlog\rc.write.1.tlog
c:\users\ejddj\documents\visual studio 2015\projects\practice\tool\debug\tool.tlog\tool.write.1u.tlog
