c:\users\ejddj\documents\visual studio 2015\projects\practice\client\default\debug\client.pch
c:\users\ejddj\documents\visual studio 2015\projects\practice\client\default\debug\vc140.pdb
c:\users\ejddj\documents\visual studio 2015\projects\practice\client\default\debug\vc140.idb
c:\users\ejddj\documents\visual studio 2015\projects\practice\client\default\debug\stdafx.obj
c:\users\ejddj\documents\visual studio 2015\projects\practice\client\default\debug\background.obj
c:\users\ejddj\documents\visual studio 2015\projects\practice\client\default\debug\camera_free.obj
c:\users\ejddj\documents\visual studio 2015\projects\practice\client\default\debug\loading.obj
c:\users\ejddj\documents\visual studio 2015\projects\practice\client\default\debug\maingame.obj
c:\users\ejddj\documents\visual studio 2015\projects\practice\client\default\debug\monster.obj
c:\users\ejddj\documents\visual studio 2015\projects\practice\client\default\debug\player.obj
c:\users\ejddj\documents\visual studio 2015\projects\practice\client\default\debug\stage.obj
c:\users\ejddj\documents\visual studio 2015\projects\practice\client\default\debug\title.obj
c:\users\ejddj\documents\visual studio 2015\projects\practice\client\default\debug\client.obj
c:\users\ejddj\documents\visual studio 2015\projects\practice\client\default\debug\pistol.obj
c:\users\ejddj\documents\visual studio 2015\projects\practice\client\default\debug\riffle.obj
c:\users\ejddj\documents\visual studio 2015\projects\practice\client\default\debug\sniper.obj
c:\users\ejddj\documents\visual studio 2015\projects\practice\client\default\debug\terrain.obj
c:\users\ejddj\documents\visual studio 2015\projects\practice\client\bin\shader_default.cso
c:\users\ejddj\documents\visual studio 2015\projects\practice\client\bin\shader_mesh.cso
c:\users\ejddj\documents\visual studio 2015\projects\practice\client\bin\shader_terrain.cso
c:\users\ejddj\documents\visual studio 2015\projects\practice\client\bin\client.ilk
c:\users\ejddj\documents\visual studio 2015\projects\practice\client\bin\client.exe
c:\users\ejddj\documents\visual studio 2015\projects\practice\client\bin\client.pdb
c:\users\ejddj\documents\visual studio 2015\projects\practice\client\default\debug\client.res
c:\users\ejddj\documents\visual studio 2015\projects\practice\client\default\..\bin\client.exe
c:\users\ejddj\documents\visual studio 2015\projects\practice\client\default\debug\client.tlog\cl.command.1.tlog
c:\users\ejddj\documents\visual studio 2015\projects\practice\client\default\debug\client.tlog\cl.read.1.tlog
c:\users\ejddj\documents\visual studio 2015\projects\practice\client\default\debug\client.tlog\cl.write.1.tlog
c:\users\ejddj\documents\visual studio 2015\projects\practice\client\default\debug\client.tlog\client.write.1u.tlog
c:\users\ejddj\documents\visual studio 2015\projects\practice\client\default\debug\client.tlog\fxc.command.1.tlog
c:\users\ejddj\documents\visual studio 2015\projects\practice\client\default\debug\client.tlog\fxc.read.1.tlog
c:\users\ejddj\documents\visual studio 2015\projects\practice\client\default\debug\client.tlog\fxc.write.1.tlog
c:\users\ejddj\documents\visual studio 2015\projects\practice\client\default\debug\client.tlog\link.command.1.tlog
c:\users\ejddj\documents\visual studio 2015\projects\practice\client\default\debug\client.tlog\link.read.1.tlog
c:\users\ejddj\documents\visual studio 2015\projects\practice\client\default\debug\client.tlog\link.write.1.tlog
c:\users\ejddj\documents\visual studio 2015\projects\practice\client\default\debug\client.tlog\rc.command.1.tlog
c:\users\ejddj\documents\visual studio 2015\projects\practice\client\default\debug\client.tlog\rc.read.1.tlog
c:\users\ejddj\documents\visual studio 2015\projects\practice\client\default\debug\client.tlog\rc.write.1.tlog
